2022.03.26 14:10:16 INFO  tracing is disabled for protocol LSP, to enable tracing of incoming and outgoing JSON messages create an empty file at /Users/sergiynokhrin/books_progr/scala/gildedrose-refactoring-scala/.metals/lsp.trace.json or /Users/sergiynokhrin/Library/Caches/org.scalameta.metals/lsp.trace.json
2022.03.26 14:10:17 INFO  logging to file /Users/sergiynokhrin/books_progr/scala/gildedrose-refactoring-scala/.metals/metals.log
2022.03.26 14:10:17 INFO  Started: Metals version 0.11.2 in workspace '/Users/sergiynokhrin/books_progr/scala/gildedrose-refactoring-scala' for client Visual Studio Code 1.65.2.
2022.03.26 14:10:17 INFO  Parse release: 11.0.11
2022.03.26 14:10:20 INFO  time: initialize in 3.44s
2022.03.26 14:10:21 WARN  Build server is not auto-connectable.
2022.03.26 14:12:57 WARN  no build target for: /Users/sergiynokhrin/books_progr/scala/gildedrose-refactoring-scala/src/test/scala/com/gildedrose/GildedRoseTest.scala
2022.03.26 14:13:05 INFO  no build target found for /Users/sergiynokhrin/books_progr/scala/gildedrose-refactoring-scala/src/test/scala/com/gildedrose/GildedRoseTest.scala. Using presentation compiler with project's scala-library version: 3.1.1
2022.03.26 14:13:05 WARN  no build target for: /Users/sergiynokhrin/books_progr/scala/gildedrose-refactoring-scala/src/test/scala/com/gildedrose/TexttestFixture.scala
2022.03.26 14:13:10 INFO  time: code lens generation in 4.59s
2022.03.26 14:13:10 INFO  time: code lens generation in 11s
2022.03.26 14:13:12 WARN  no build target for: /Users/sergiynokhrin/books_progr/scala/gildedrose-refactoring-scala/src/test/scala/com/gildedrose/TexttestFixture.scala
Mar. 26, 2022 2:13:12 P.M. org.eclipse.lsp4j.jsonrpc.RemoteEndpoint fallbackResponseError
SEVERE: Internal error: scala.meta.internal.metals.debug.BuildTargetNotFoundForPathException: No build target could be found for the path: /Users/sergiynokhrin/books_progr/scala/gildedrose-refactoring-scala/src/test/scala/com/gildedrose/TexttestFixture.scala
java.util.concurrent.CompletionException: scala.meta.internal.metals.debug.BuildTargetNotFoundForPathException: No build target could be found for the path: /Users/sergiynokhrin/books_progr/scala/gildedrose-refactoring-scala/src/test/scala/com/gildedrose/TexttestFixture.scala
	at java.base/java.util.concurrent.CompletableFuture.encodeThrowable(CompletableFuture.java:331)
	at java.base/java.util.concurrent.CompletableFuture.uniAcceptNow(CompletableFuture.java:743)
	at java.base/java.util.concurrent.CompletableFuture.uniAcceptStage(CompletableFuture.java:731)
	at java.base/java.util.concurrent.CompletableFuture.thenAcceptAsync(CompletableFuture.java:2112)
	at scala.concurrent.java8.FuturesConvertersImpl$CF.thenAccept(FutureConvertersImpl.scala:37)
	at org.eclipse.lsp4j.jsonrpc.RemoteEndpoint.handleRequest(RemoteEndpoint.java:279)
	at org.eclipse.lsp4j.jsonrpc.RemoteEndpoint.consume(RemoteEndpoint.java:190)
	at org.eclipse.lsp4j.jsonrpc.json.StreamMessageProducer.handleMessage(StreamMessageProducer.java:194)
	at org.eclipse.lsp4j.jsonrpc.json.StreamMessageProducer.listen(StreamMessageProducer.java:94)
	at org.eclipse.lsp4j.jsonrpc.json.ConcurrentMessageProcessor.run(ConcurrentMessageProcessor.java:113)
	at java.base/java.util.concurrent.Executors$RunnableAdapter.call(Executors.java:515)
	at java.base/java.util.concurrent.FutureTask.run(FutureTask.java:264)
	at java.base/java.util.concurrent.ThreadPoolExecutor.runWorker(ThreadPoolExecutor.java:1128)
	at java.base/java.util.concurrent.ThreadPoolExecutor$Worker.run(ThreadPoolExecutor.java:628)
	at java.base/java.lang.Thread.run(Thread.java:829)
Caused by: scala.meta.internal.metals.debug.BuildTargetNotFoundForPathException: No build target could be found for the path: /Users/sergiynokhrin/books_progr/scala/gildedrose-refactoring-scala/src/test/scala/com/gildedrose/TexttestFixture.scala
	at scala.meta.internal.metals.debug.DebugProvider.debugDiscovery(DebugProvider.scala:372)
	at scala.meta.internal.metals.MetalsLanguageServer.executeCommand(MetalsLanguageServer.scala:1828)
	at java.base/jdk.internal.reflect.NativeMethodAccessorImpl.invoke0(Native Method)
	at java.base/jdk.internal.reflect.NativeMethodAccessorImpl.invoke(NativeMethodAccessorImpl.java:62)
	at java.base/jdk.internal.reflect.DelegatingMethodAccessorImpl.invoke(DelegatingMethodAccessorImpl.java:43)
	at java.base/java.lang.reflect.Method.invoke(Method.java:566)
	at org.eclipse.lsp4j.jsonrpc.services.GenericEndpoint.lambda$null$0(GenericEndpoint.java:65)
	at org.eclipse.lsp4j.jsonrpc.services.GenericEndpoint.request(GenericEndpoint.java:120)
	at org.eclipse.lsp4j.jsonrpc.RemoteEndpoint.handleRequest(RemoteEndpoint.java:261)
	... 9 more

2022.03.26 15:02:51 INFO  shutting down Metals
2022.03.26 15:02:52 ERROR Unexpected error initializing server
org.eclipse.lsp4j.jsonrpc.ResponseErrorException: Request window/showMessageRequest failed with message: Canceled
	at org.eclipse.lsp4j.jsonrpc.RemoteEndpoint.handleResponse(RemoteEndpoint.java:209)
	at org.eclipse.lsp4j.jsonrpc.RemoteEndpoint.consume(RemoteEndpoint.java:193)
	at org.eclipse.lsp4j.jsonrpc.json.StreamMessageProducer.handleMessage(StreamMessageProducer.java:194)
	at org.eclipse.lsp4j.jsonrpc.json.StreamMessageProducer.listen(StreamMessageProducer.java:94)
	at org.eclipse.lsp4j.jsonrpc.json.ConcurrentMessageProcessor.run(ConcurrentMessageProcessor.java:113)
	at java.util.concurrent.Executors$RunnableAdapter.call(Executors.java:515)
	at java.util.concurrent.FutureTask.run(FutureTask.java:264)
	at java.util.concurrent.ThreadPoolExecutor.runWorker(ThreadPoolExecutor.java:1128)
	at java.util.concurrent.ThreadPoolExecutor$Worker.run(ThreadPoolExecutor.java:628)
	at java.lang.Thread.run(Thread.java:829)

